bundle:nerdtree
    autoload/nerdtree.vim
    doc/NERD_tree.txt
    lib/nerdtree
    nerdtree_plugin/exec_menuitem.vim
    nerdtree_plugin/fs_menu.vim
    plugin/NERD_tree.vim
    README.markdown
    syntax/nerdtree.vim
bundle:vim-airline
    autoload/airline
    autoload/airline.vim
    doc/airline.txt
    plugin/airline.vim
    README.md
bundle:vim-mercenary
    doc/mercenary.txt
    plugin/mercenary.vim
    README.markdown
    syntax/mercenaryblame.vim
bundle:vim-surround
    doc/surround.txt
    plugin/surround.vim
    README.markdown
bundle:vim-gocode
    autoload/go
    autoload/gocomplete.vim
    ftdetect/gofiletype.vim
    ftplugin/go
    ftplugin/go.vim
    indent/go.vim
    pathogen_update.sh
    plugin/godoc.vim
    README.md
    readme.txt
    syntax/godoc.vim
    syntax/go.vim
    update.sh
